[2026-02-16T18:05:27.829Z] ========== 网格交易机器人启动 ==========
[2026-02-16T18:05:27.829Z] 交易对: BTC/USDT
[2026-02-16T18:05:27.829Z] 网格数量: 10
[2026-02-16T18:05:27.829Z] 网格间距: 0.1%
[2026-02-16T18:05:27.829Z] 测试模式: 否
[2026-02-16T18:05:27.829Z] =========================================
[2026-02-16T18:05:35.229Z] 📥买入 0.000014687173787772742 @ 68086.6186
[2026-02-16T18:05:35.646Z]    ✅ 成功! 订单ID: 3313927493105311745
[2026-02-16T18:05:35.647Z] 💰 交易记录: buy 0.000014687173787772742 @ 68086.6186, 累计收益: 0.00 USDT
[2026-02-16T18:05:35.647Z] 📥买入 0.00001467251592970111 @ 68154.63720000001
[2026-02-16T18:05:36.041Z]    ✅ 成功! 订单ID: 3313927506459975680
[2026-02-16T18:05:36.041Z] 💰 交易记录: buy 0.00001467251592970111 @ 68154.63720000001, 累计收益: 0.00 USDT
[2026-02-16T18:05:36.041Z] 📥买入 0.00001465788729966153 @ 68222.6558
[2026-02-16T18:05:36.421Z]    ✅ 成功! 订单ID: 3313927519143550976
[2026-02-16T18:05:36.421Z] 💰 交易记录: buy 0.00001465788729966153 @ 68222.6558, 累计收益: 0.00 USDT
[2026-02-16T18:05:36.421Z] 📥买入 0.000014643287810319236 @ 68290.6744
[2026-02-16T18:05:36.808Z]    ✅ 成功! 订单ID: 3313927532229779456
[2026-02-16T18:05:36.808Z] 💰 交易记录: buy 0.000014643287810319236 @ 68290.6744, 累计收益: 0.00 USDT
[2026-02-16T18:10:26.459Z] 📥卖出 0.000014687173787772742 @ 68086.6186
[2026-02-16T18:10:26.895Z]    ✅ 成功! 订单ID: 3313937264323682304
[2026-02-16T18:10:26.895Z] 💰 交易记录: sell 0.000014687173787772742 @ 68086.6186, 累计收益: -0.00 USDT
[2026-02-16T18:21:12.054Z] 📥卖出 0.00001467251592970111 @ 68154.63720000001
[2026-02-16T18:21:12.444Z]    ✅ 成功! 订单ID: 3313958926863654912
[2026-02-16T18:21:12.444Z] 💰 交易记录: sell 0.00001467251592970111 @ 68154.63720000001, 累计收益: -0.00 USDT
[2026-02-16T18:28:12.392Z] 📥买入 0.00001467251592970111 @ 68154.63720000001
[2026-02-16T18:28:12.789Z]    ✅ 成功! 订单ID: 3313973031234265089
[2026-02-16T18:28:12.789Z] 💰 交易记录: buy 0.00001467251592970111 @ 68154.63720000001, 累计收益: -0.00 USDT
[2026-02-17T02:46:30.184Z] ========== 网格交易机器人启动 ==========
[2026-02-17T02:46:30.184Z] 交易对: BTC/USDT
[2026-02-17T02:46:30.184Z] 网格数量: 10
[2026-02-17T02:46:30.184Z] 网格间距: 0.1%
[2026-02-17T02:46:30.184Z] 测试模式: 否
[2026-02-17T02:46:30.184Z] =========================================
[2026-02-17T02:46:33.909Z] 📥买入 0.000014487618812146951 @ 69024.4555
[2026-02-17T02:46:34.248Z]    ✅ 成功! 订单ID: 3314976357975416832
[2026-02-17T02:46:34.248Z] 💰 交易记录: buy 0.000014487618812146951 @ 69024.4555, 累计收益: -0.00 USDT
[2026-02-17T02:46:34.248Z] 📥买入 0.00001447316011073762 @ 69093.41100000001
[2026-02-17T02:46:34.556Z]    ✅ 成功! 订单ID: 3314976368276627456
[2026-02-17T02:46:34.556Z] 💰 交易记录: buy 0.00001447316011073762 @ 69093.41100000001, 累计收益: -0.00 USDT
[2026-02-17T02:46:34.556Z] 📥买入 0.000014458730240238384 @ 69162.36649999999
[2026-02-17T02:46:34.873Z]    ✅ 成功! 订单ID: 3314976378879827968
[2026-02-17T02:46:34.873Z] 💰 交易记录: buy 0.000014458730240238384 @ 69162.36649999999, 累计收益: -0.00 USDT
[2026-02-17T02:46:34.873Z] 📥买入 0.000014444329114501093 @ 69231.322
[2026-02-17T02:46:35.179Z]    ✅ 成功! 订单ID: 3314976389583691776
[2026-02-17T02:46:35.179Z] 💰 交易记录: buy 0.000014444329114501093 @ 69231.322, 累计收益: -0.00 USDT
[2026-02-17T02:59:07.505Z] 📥买入 0.000014502106430959097 @ 68955.5
[2026-02-17T02:59:07.723Z]    ✅ 成功! 订单ID: 3315001642951204864
[2026-02-17T02:59:07.723Z] 💰 交易记录: buy 0.000014502106430959097 @ 68955.5, 累计收益: -0.00 USDT
[2026-02-17T02:59:37.503Z] 📥买入 0.00001451662305401311 @ 68886.5445
[2026-02-17T02:59:37.739Z]    ✅ 成功! 订单ID: 3315002649718382592
[2026-02-17T02:59:37.739Z] 💰 交易记录: buy 0.00001451662305401311 @ 68886.5445, 累计收益: -0.00 USDT
[2026-02-17T03:03:52.759Z] 📥买入 0.000014531168768496091 @ 68817.58899999999
[2026-02-17T03:03:52.965Z]    ✅ 成功! 订单ID: 3315011214487150592
[2026-02-17T03:03:52.966Z] 💰 交易记录: buy 0.000014531168768496091 @ 68817.58899999999, 累计收益: -0.00 USDT
[2026-02-17T03:04:22.748Z] 📥买入 0.000014545743661944933 @ 68748.6335
[2026-02-17T03:04:22.957Z]    ✅ 成功! 订单ID: 3315012220549685248
[2026-02-17T03:04:22.958Z] 💰 交易记录: buy 0.000014545743661944933 @ 68748.6335, 累计收益: -0.00 USDT
[2026-02-17T03:05:55.865Z] 📥买入 0.00001456034782224809 @ 68679.678
[2026-02-17T03:05:56.056Z]    ✅ 成功! 订单ID: 3315015344903512064
[2026-02-17T03:05:56.056Z] 💰 交易记录: buy 0.00001456034782224809 @ 68679.678, 累计收益: -0.00 USDT
[2026-02-17T03:09:32.064Z] 📥卖出 0.00001456034782224809 @ 68679.678
[2026-02-17T03:09:32.268Z]    ✅ 成功! 订单ID: 3315022599606591488
[2026-02-17T03:09:32.268Z] 💰 交易记录: sell 0.00001456034782224809 @ 68679.678, 累计收益: -0.00 USDT
[2026-02-17T03:11:20.165Z] 📥买入 0.00001456034782224809 @ 68679.678
[2026-02-17T03:11:20.371Z]    ✅ 成功! 订单ID: 3315026226706472960
[2026-02-17T03:11:20.371Z] 💰 交易记录: buy 0.00001456034782224809 @ 68679.678, 累计收益: -0.00 USDT
[2026-02-17T03:14:59.364Z] 📥卖出 0.00001456034782224809 @ 68679.678
[2026-02-17T03:14:59.579Z]    ✅ 成功! 订单ID: 3315033581401759744
[2026-02-17T03:14:59.579Z] 💰 交易记录: sell 0.00001456034782224809 @ 68679.678, 累计收益: -0.00 USDT
